<?xml version="1.0" encoding="UTF-8"?>
<testsuite xmlns:xsi="http://www.w3.org/2001/XMLSchema-instance" xsi:noNamespaceSchemaLocation="https://maven.apache.org/surefire/maven-surefire-plugin/xsd/surefire-test-report.xsd" version="3.0.2" name="com.kiwi.bpmn.component.activity.AssignmentActivityTest" time="1.319" tests="9" errors="0" skipped="0" failures="0">
  <properties>
[...]
</properties>
  <testcase name="applyAssignments_stringLiteral_notTreatedAsRef" classname="com.kiwi.bpmn.component.activity.AssignmentActivityTest" time="0.982">
    <system-err><![CDATA[Mockito is currently self-attaching to enable the inline-mock-maker. This will no longer work in future releases of the JDK. Please add Mockito as an agent to your build as described in Mockito's documentation: https://javadoc.io/doc/org.mockito/mockito-core/latest/org.mockito/org/mockito/Mockito.html#0.3
WARNING: A Java agent has been loaded dynamically (C:\Users\Administrator\.m2\repository\net\bytebuddy\byte-buddy-agent\1.17.8\byte-buddy-agent-1.17.8.jar)
WARNING: If a serviceability tool is in use, please run with -XX:+EnableDynamicAgentLoading to hide this warning
WARNING: If a serviceability tool is not in use, please run with -Djdk.instrument.traceUsage for more information
WARNING: Dynamic loading of agents will be disallowed by default in a future release
]]></system-err>
  </testcase>
  <testcase name="applyAssignments_literals" classname="com.kiwi.bpmn.component.activity.AssignmentActivityTest" time="0.004"/>
  <testcase name="resolveAssignmentsListImpl_asListOfAssignment" classname="com.kiwi.bpmn.component.activity.AssignmentActivityTest" time="0.008"/>
  <testcase name="resolveAssignmentsListImpl_invalidJsonString" classname="com.kiwi.bpmn.component.activity.AssignmentActivityTest" time="0.208"/>
  <testcase name="applyAssignments_variableRef_missingSource" classname="com.kiwi.bpmn.component.activity.AssignmentActivityTest" time="0.003"/>
  <testcase name="resolveAssignmentsListImpl_jsonArrayString" classname="com.kiwi.bpmn.component.activity.AssignmentActivityTest" time="0.029"/>
  <testcase name="applyAssignments_variableRef" classname="com.kiwi.bpmn.component.activity.AssignmentActivityTest" time="0.002"/>
  <testcase name="resolveAssignmentsListImpl_asListOfMaps" classname="com.kiwi.bpmn.component.activity.AssignmentActivityTest" time="0.002"/>
  <testcase name="resolveAssignmentsListImpl_itemNotConvertible" classname="com.kiwi.bpmn.component.activity.AssignmentActivityTest" time="0.003"/>
</testsuite>